thortful-api-server {{ env }} default [2024-07-04T23:10:36] - INFO  [main] [com.thortful.app.Application] Starting Application using Java 11.0.23 on MPT-WW1W6LTF9G with PID 61889 (/Users/arthur.portas/development/velv/Thortful-Arthur_Portas/app/build/classes/java/main started by arthur.portas in /Users/arthur.portas/development/velv/Thortful-Arthur_Portas/app)
thortful-api-server {{ env }} default [2024-07-04T23:10:36] - INFO  [background-preinit] [org.hibernate.validator.internal.util.Version] HV000001: Hibernate Validator 6.2.0.Final
thortful-api-server {{ env }} default [2024-07-04T23:10:36] - INFO  [main] [com.thortful.app.Application] No active profile set, falling back to default profiles: default
thortful-api-server {{ env }} default [2024-07-04T23:10:36] - INFO  [main] [org.springframework.boot.web.embedded.tomcat.TomcatWebServer] Tomcat initialized with port(s): 8089 (http)
thortful-api-server {{ env }} default [2024-07-04T23:10:36] - INFO  [main] [org.apache.coyote.http11.Http11NioProtocol] Initializing ProtocolHandler ["http-nio-8089"]
thortful-api-server {{ env }} default [2024-07-04T23:10:36] - INFO  [main] [org.apache.catalina.core.StandardService] Starting service [Tomcat]
thortful-api-server {{ env }} default [2024-07-04T23:10:36] - INFO  [main] [org.apache.catalina.core.StandardEngine] Starting Servlet engine: [Apache Tomcat/9.0.56]
thortful-api-server {{ env }} default [2024-07-04T23:10:36] - INFO  [main] [org.apache.catalina.core.ContainerBase.[Tomcat].[localhost].[/]] Initializing Spring embedded WebApplicationContext
thortful-api-server {{ env }} default [2024-07-04T23:10:36] - INFO  [main] [org.springframework.boot.web.servlet.context.ServletWebServerApplicationContext] Root WebApplicationContext: initialization completed in 559 ms
thortful-api-server {{ env }} default [2024-07-04T23:10:37] - INFO  [main] [org.apache.coyote.http11.Http11NioProtocol] Starting ProtocolHandler ["http-nio-8089"]
thortful-api-server {{ env }} default [2024-07-04T23:10:37] - INFO  [main] [org.springframework.boot.web.embedded.tomcat.TomcatWebServer] Tomcat started on port(s): 8089 (http) with context path ''
thortful-api-server {{ env }} default [2024-07-04T23:10:37] - INFO  [main] [org.springframework.boot.web.embedded.tomcat.TomcatWebServer] Tomcat initialized with port(s): 8082 (http)
thortful-api-server {{ env }} default [2024-07-04T23:10:37] - INFO  [main] [org.apache.coyote.http11.Http11NioProtocol] Initializing ProtocolHandler ["http-nio-0.0.0.0-8082"]
thortful-api-server {{ env }} default [2024-07-04T23:10:37] - INFO  [main] [org.apache.catalina.core.StandardService] Starting service [Tomcat]
thortful-api-server {{ env }} default [2024-07-04T23:10:37] - INFO  [main] [org.apache.catalina.core.StandardEngine] Starting Servlet engine: [Apache Tomcat/9.0.56]
thortful-api-server {{ env }} default [2024-07-04T23:10:37] - INFO  [main] [org.apache.catalina.core.ContainerBase.[Tomcat-1].[localhost].[/]] Initializing Spring embedded WebApplicationContext
thortful-api-server {{ env }} default [2024-07-04T23:10:37] - INFO  [main] [org.springframework.boot.web.servlet.context.ServletWebServerApplicationContext] Root WebApplicationContext: initialization completed in 30 ms
thortful-api-server {{ env }} default [2024-07-04T23:10:37] - INFO  [main] [org.springframework.boot.actuate.endpoint.web.EndpointLinksResolver] Exposing 3 endpoint(s) beneath base path '/actuator'
thortful-api-server {{ env }} default [2024-07-04T23:10:37] - INFO  [main] [org.apache.coyote.http11.Http11NioProtocol] Starting ProtocolHandler ["http-nio-0.0.0.0-8082"]
thortful-api-server {{ env }} default [2024-07-04T23:10:37] - INFO  [main] [org.springframework.boot.web.embedded.tomcat.TomcatWebServer] Tomcat started on port(s): 8082 (http) with context path ''
thortful-api-server {{ env }} default [2024-07-04T23:10:37] - INFO  [main] [com.thortful.app.Application] Started Application in 1.588 seconds (JVM running for 1.815)
thortful-api-server {{ env }} default [2024-07-04T23:11:52] - INFO  [http-nio-8089-exec-1] [org.apache.catalina.core.ContainerBase.[Tomcat].[localhost].[/]] Initializing Spring DispatcherServlet 'dispatcherServlet'
thortful-api-server {{ env }} default [2024-07-04T23:11:52] - INFO  [http-nio-8089-exec-1] [org.springframework.web.servlet.DispatcherServlet] Initializing Servlet 'dispatcherServlet'
thortful-api-server {{ env }} default [2024-07-04T23:11:52] - INFO  [http-nio-8089-exec-1] [org.springframework.web.servlet.DispatcherServlet] Completed initialization in 2 ms
thortful-api-server {{ env }} default [2024-07-04T23:12:53] - INFO  [SpringApplicationShutdownHook] [org.springframework.boot.web.embedded.tomcat.GracefulShutdown] Commencing graceful shutdown. Waiting for active requests to complete
thortful-api-server {{ env }} default [2024-07-04T23:12:53] - INFO  [tomcat-shutdown] [org.springframework.boot.web.embedded.tomcat.GracefulShutdown] Graceful shutdown complete
thortful-api-server {{ env }} default [2024-07-04T23:12:53] - INFO  [SpringApplicationShutdownHook] [org.springframework.boot.web.embedded.tomcat.GracefulShutdown] Commencing graceful shutdown. Waiting for active requests to complete
thortful-api-server {{ env }} default [2024-07-04T23:12:53] - INFO  [tomcat-shutdown] [org.springframework.boot.web.embedded.tomcat.GracefulShutdown] Graceful shutdown complete
thortful-api-server {{ env }} default [2024-07-04T23:16:44] - INFO  [background-preinit] [org.hibernate.validator.internal.util.Version] HV000001: Hibernate Validator 6.2.0.Final
thortful-api-server {{ env }} default [2024-07-04T23:16:44] - INFO  [main] [com.thortful.app.Application] Starting Application using Java 11.0.23 on MPT-WW1W6LTF9G with PID 62637 (/Users/arthur.portas/development/velv/Thortful-Arthur_Portas/app/build/classes/java/main started by arthur.portas in /Users/arthur.portas/development/velv/Thortful-Arthur_Portas/app)
thortful-api-server {{ env }} default [2024-07-04T23:16:44] - INFO  [main] [com.thortful.app.Application] No active profile set, falling back to default profiles: default
thortful-api-server {{ env }} default [2024-07-04T23:16:44] - INFO  [main] [org.springframework.boot.web.embedded.tomcat.TomcatWebServer] Tomcat initialized with port(s): 8089 (http)
thortful-api-server {{ env }} default [2024-07-04T23:16:44] - INFO  [main] [org.apache.coyote.http11.Http11NioProtocol] Initializing ProtocolHandler ["http-nio-8089"]
thortful-api-server {{ env }} default [2024-07-04T23:16:44] - INFO  [main] [org.apache.catalina.core.StandardService] Starting service [Tomcat]
thortful-api-server {{ env }} default [2024-07-04T23:16:44] - INFO  [main] [org.apache.catalina.core.StandardEngine] Starting Servlet engine: [Apache Tomcat/9.0.56]
thortful-api-server {{ env }} default [2024-07-04T23:16:45] - INFO  [main] [org.apache.catalina.core.ContainerBase.[Tomcat].[localhost].[/]] Initializing Spring embedded WebApplicationContext
thortful-api-server {{ env }} default [2024-07-04T23:16:45] - INFO  [main] [org.springframework.boot.web.servlet.context.ServletWebServerApplicationContext] Root WebApplicationContext: initialization completed in 631 ms
thortful-api-server {{ env }} default [2024-07-04T23:16:45] - INFO  [main] [org.apache.coyote.http11.Http11NioProtocol] Starting ProtocolHandler ["http-nio-8089"]
thortful-api-server {{ env }} default [2024-07-04T23:16:45] - INFO  [main] [org.springframework.boot.web.embedded.tomcat.TomcatWebServer] Tomcat started on port(s): 8089 (http) with context path ''
thortful-api-server {{ env }} default [2024-07-04T23:16:45] - INFO  [main] [org.springframework.boot.web.embedded.tomcat.TomcatWebServer] Tomcat initialized with port(s): 8082 (http)
thortful-api-server {{ env }} default [2024-07-04T23:16:45] - INFO  [main] [org.apache.coyote.http11.Http11NioProtocol] Initializing ProtocolHandler ["http-nio-0.0.0.0-8082"]
thortful-api-server {{ env }} default [2024-07-04T23:16:45] - INFO  [main] [org.apache.catalina.core.StandardService] Starting service [Tomcat]
thortful-api-server {{ env }} default [2024-07-04T23:16:45] - INFO  [main] [org.apache.catalina.core.StandardEngine] Starting Servlet engine: [Apache Tomcat/9.0.56]
thortful-api-server {{ env }} default [2024-07-04T23:16:45] - INFO  [main] [org.apache.catalina.core.ContainerBase.[Tomcat-1].[localhost].[/]] Initializing Spring embedded WebApplicationContext
thortful-api-server {{ env }} default [2024-07-04T23:16:45] - INFO  [main] [org.springframework.boot.web.servlet.context.ServletWebServerApplicationContext] Root WebApplicationContext: initialization completed in 31 ms
thortful-api-server {{ env }} default [2024-07-04T23:16:45] - INFO  [main] [org.springframework.boot.actuate.endpoint.web.EndpointLinksResolver] Exposing 3 endpoint(s) beneath base path '/actuator'
thortful-api-server {{ env }} default [2024-07-04T23:16:45] - INFO  [main] [org.apache.coyote.http11.Http11NioProtocol] Starting ProtocolHandler ["http-nio-0.0.0.0-8082"]
thortful-api-server {{ env }} default [2024-07-04T23:16:45] - INFO  [main] [org.springframework.boot.web.embedded.tomcat.TomcatWebServer] Tomcat started on port(s): 8082 (http) with context path ''
thortful-api-server {{ env }} default [2024-07-04T23:16:45] - INFO  [main] [com.thortful.app.Application] Started Application in 1.735 seconds (JVM running for 2.003)
thortful-api-server {{ env }} default [2024-07-04T23:17:03] - INFO  [http-nio-8089-exec-1] [org.apache.catalina.core.ContainerBase.[Tomcat].[localhost].[/]] Initializing Spring DispatcherServlet 'dispatcherServlet'
thortful-api-server {{ env }} default [2024-07-04T23:17:03] - INFO  [http-nio-8089-exec-1] [org.springframework.web.servlet.DispatcherServlet] Initializing Servlet 'dispatcherServlet'
thortful-api-server {{ env }} default [2024-07-04T23:17:03] - INFO  [http-nio-8089-exec-1] [org.springframework.web.servlet.DispatcherServlet] Completed initialization in 1 ms
thortful-api-server {{ env }} default [2024-07-04T23:17:08] - INFO  [SpringApplicationShutdownHook] [org.springframework.boot.web.embedded.tomcat.GracefulShutdown] Commencing graceful shutdown. Waiting for active requests to complete
thortful-api-server {{ env }} default [2024-07-04T23:17:08] - INFO  [tomcat-shutdown] [org.springframework.boot.web.embedded.tomcat.GracefulShutdown] Graceful shutdown complete
thortful-api-server {{ env }} default [2024-07-04T23:17:08] - INFO  [SpringApplicationShutdownHook] [org.springframework.boot.web.embedded.tomcat.GracefulShutdown] Commencing graceful shutdown. Waiting for active requests to complete
thortful-api-server {{ env }} default [2024-07-04T23:17:08] - INFO  [tomcat-shutdown] [org.springframework.boot.web.embedded.tomcat.GracefulShutdown] Graceful shutdown complete
thortful-api-server {{ env }} default [2024-07-04T23:19:23] - INFO  [main] [com.thortful.app.Application] Starting Application using Java 11.0.23 on MPT-WW1W6LTF9G with PID 62960 (/Users/arthur.portas/development/velv/Thortful-Arthur_Portas/app/build/classes/java/main started by arthur.portas in /Users/arthur.portas/development/velv/Thortful-Arthur_Portas/app)
thortful-api-server {{ env }} default [2024-07-04T23:19:23] - INFO  [background-preinit] [org.hibernate.validator.internal.util.Version] HV000001: Hibernate Validator 6.2.0.Final
thortful-api-server {{ env }} default [2024-07-04T23:19:23] - INFO  [main] [com.thortful.app.Application] No active profile set, falling back to default profiles: default
thortful-api-server {{ env }} default [2024-07-04T23:19:24] - INFO  [main] [org.springframework.boot.web.embedded.tomcat.TomcatWebServer] Tomcat initialized with port(s): 8089 (http)
thortful-api-server {{ env }} default [2024-07-04T23:19:24] - INFO  [main] [org.apache.coyote.http11.Http11NioProtocol] Initializing ProtocolHandler ["http-nio-8089"]
thortful-api-server {{ env }} default [2024-07-04T23:19:24] - INFO  [main] [org.apache.catalina.core.StandardService] Starting service [Tomcat]
thortful-api-server {{ env }} default [2024-07-04T23:19:24] - INFO  [main] [org.apache.catalina.core.StandardEngine] Starting Servlet engine: [Apache Tomcat/9.0.56]
thortful-api-server {{ env }} default [2024-07-04T23:19:24] - INFO  [main] [org.apache.catalina.core.ContainerBase.[Tomcat].[localhost].[/]] Initializing Spring embedded WebApplicationContext
thortful-api-server {{ env }} default [2024-07-04T23:19:24] - INFO  [main] [org.springframework.boot.web.servlet.context.ServletWebServerApplicationContext] Root WebApplicationContext: initialization completed in 577 ms
thortful-api-server {{ env }} default [2024-07-04T23:19:24] - INFO  [main] [org.apache.coyote.http11.Http11NioProtocol] Starting ProtocolHandler ["http-nio-8089"]
thortful-api-server {{ env }} default [2024-07-04T23:19:24] - INFO  [main] [org.springframework.boot.web.embedded.tomcat.TomcatWebServer] Tomcat started on port(s): 8089 (http) with context path ''
thortful-api-server {{ env }} default [2024-07-04T23:19:24] - INFO  [main] [org.springframework.boot.web.embedded.tomcat.TomcatWebServer] Tomcat initialized with port(s): 8082 (http)
thortful-api-server {{ env }} default [2024-07-04T23:19:24] - INFO  [main] [org.apache.coyote.http11.Http11NioProtocol] Initializing ProtocolHandler ["http-nio-0.0.0.0-8082"]
thortful-api-server {{ env }} default [2024-07-04T23:19:24] - INFO  [main] [org.apache.catalina.core.StandardService] Starting service [Tomcat]
thortful-api-server {{ env }} default [2024-07-04T23:19:24] - INFO  [main] [org.apache.catalina.core.StandardEngine] Starting Servlet engine: [Apache Tomcat/9.0.56]
thortful-api-server {{ env }} default [2024-07-04T23:19:24] - INFO  [main] [org.apache.catalina.core.ContainerBase.[Tomcat-1].[localhost].[/]] Initializing Spring embedded WebApplicationContext
thortful-api-server {{ env }} default [2024-07-04T23:19:24] - INFO  [main] [org.springframework.boot.web.servlet.context.ServletWebServerApplicationContext] Root WebApplicationContext: initialization completed in 32 ms
thortful-api-server {{ env }} default [2024-07-04T23:19:24] - INFO  [main] [org.springframework.boot.actuate.endpoint.web.EndpointLinksResolver] Exposing 3 endpoint(s) beneath base path '/actuator'
thortful-api-server {{ env }} default [2024-07-04T23:19:25] - INFO  [main] [org.apache.coyote.http11.Http11NioProtocol] Starting ProtocolHandler ["http-nio-0.0.0.0-8082"]
thortful-api-server {{ env }} default [2024-07-04T23:19:25] - INFO  [main] [org.springframework.boot.web.embedded.tomcat.TomcatWebServer] Tomcat started on port(s): 8082 (http) with context path ''
thortful-api-server {{ env }} default [2024-07-04T23:19:25] - INFO  [main] [com.thortful.app.Application] Started Application in 1.692 seconds (JVM running for 1.916)
thortful-api-server {{ env }} default [2024-07-04T23:19:33] - INFO  [http-nio-8089-exec-1] [org.apache.catalina.core.ContainerBase.[Tomcat].[localhost].[/]] Initializing Spring DispatcherServlet 'dispatcherServlet'
thortful-api-server {{ env }} default [2024-07-04T23:19:33] - INFO  [http-nio-8089-exec-1] [org.springframework.web.servlet.DispatcherServlet] Initializing Servlet 'dispatcherServlet'
thortful-api-server {{ env }} default [2024-07-04T23:19:33] - INFO  [http-nio-8089-exec-1] [org.springframework.web.servlet.DispatcherServlet] Completed initialization in 1 ms
thortful-api-server {{ env }} default [2024-07-04T23:19:36] - INFO  [SpringApplicationShutdownHook] [org.springframework.boot.web.embedded.tomcat.GracefulShutdown] Commencing graceful shutdown. Waiting for active requests to complete
thortful-api-server {{ env }} default [2024-07-04T23:19:36] - INFO  [tomcat-shutdown] [org.springframework.boot.web.embedded.tomcat.GracefulShutdown] Graceful shutdown complete
thortful-api-server {{ env }} default [2024-07-04T23:19:36] - INFO  [SpringApplicationShutdownHook] [org.springframework.boot.web.embedded.tomcat.GracefulShutdown] Commencing graceful shutdown. Waiting for active requests to complete
thortful-api-server {{ env }} default [2024-07-04T23:19:36] - INFO  [tomcat-shutdown] [org.springframework.boot.web.embedded.tomcat.GracefulShutdown] Graceful shutdown complete
